{
  "RSpec": {
    "coverage": {
      "/Users/preddy/Desktop/giftwiseproject-selt_2025_team_07/app/helpers/application_helper.rb": {
        "lines": [
          1,
          null
        ]
      },
      "/Users/preddy/Desktop/giftwiseproject-selt_2025_team_07/app/helpers/dashboard_helper.rb": {
        "lines": [
          1,
          null
        ]
      },
      "/Users/preddy/Desktop/giftwiseproject-selt_2025_team_07/app/helpers/events_helper.rb": {
        "lines": [
          1,
          null
        ]
      },
      "/Users/preddy/Desktop/giftwiseproject-selt_2025_team_07/app/helpers/home_helper.rb": {
        "lines": [
          1,
          null
        ]
      },
      "/Users/preddy/Desktop/giftwiseproject-selt_2025_team_07/app/helpers/profiles_helper.rb": {
        "lines": [
          1,
          null
        ]
      },
      "/Users/preddy/Desktop/giftwiseproject-selt_2025_team_07/app/controllers/dashboard_controller.rb": {
        "lines": [
          1,
          1,
          null,
          1,
          2,
          null,
          null,
          null,
          null,
          null,
          null
        ]
      },
      "/Users/preddy/Desktop/giftwiseproject-selt_2025_team_07/app/controllers/application_controller.rb": {
        "lines": [
          1,
          1,
          null,
          1,
          113,
          null,
          null,
          1,
          54,
          null,
          null,
          1,
          54,
          9,
          null,
          null,
          null,
          1,
          0,
          null,
          null
        ]
      },
      "/Users/preddy/Desktop/giftwiseproject-selt_2025_team_07/app/controllers/events_controller.rb": {
        "lines": [
          1,
          1,
          1,
          null,
          1,
          0,
          0,
          null,
          0,
          null,
          null,
          1,
          1,
          1,
          null,
          null,
          1,
          3,
          null,
          3,
          null,
          1,
          0,
          0,
          null,
          null,
          null,
          null,
          null,
          null,
          1,
          null,
          2,
          2,
          null,
          null,
          null,
          1,
          1,
          null,
          null,
          1,
          null,
          null,
          1,
          null,
          null,
          1,
          null,
          null,
          1,
          1,
          null,
          null,
          1,
          3,
          null,
          2,
          0,
          null,
          0,
          0,
          null,
          null,
          null,
          null,
          null,
          null,
          2,
          null,
          1,
          1,
          null,
          null,
          null,
          null,
          1,
          8,
          null,
          8,
          2,
          2,
          null,
          null,
          null,
          6,
          null,
          6,
          2,
          null,
          4,
          null,
          null,
          null,
          null,
          4,
          4,
          null,
          0,
          null,
          null,
          null,
          null,
          null,
          1,
          5,
          null,
          5,
          3,
          3,
          3,
          null,
          2,
          null,
          null,
          null,
          1,
          2,
          2,
          2,
          null,
          null,
          1,
          null,
          1,
          21,
          null,
          null,
          1,
          6,
          null,
          null
        ]
      },
      "/Users/preddy/Desktop/giftwiseproject-selt_2025_team_07/app/controllers/home_controller.rb": {
        "lines": [
          1,
          1,
          2,
          1,
          null,
          1,
          null,
          null,
          null
        ]
      },
      "/Users/preddy/Desktop/giftwiseproject-selt_2025_team_07/app/controllers/profiles_controller.rb": {
        "lines": [
          1,
          1,
          1,
          null,
          1,
          null,
          null,
          1,
          16,
          null,
          16,
          13,
          13,
          null,
          null,
          16,
          8,
          null,
          8,
          null,
          null,
          null,
          1,
          null,
          1,
          20,
          null,
          null,
          1,
          16,
          null,
          null
        ]
      },
      "/Users/preddy/Desktop/giftwiseproject-selt_2025_team_07/app/controllers/recipients_controller.rb": {
        "lines": [
          1,
          1,
          1,
          null,
          null,
          1,
          1,
          1,
          null,
          1,
          0,
          0,
          null,
          null,
          null,
          null,
          null,
          null,
          1,
          null,
          null,
          null,
          null,
          1,
          1,
          null,
          null,
          1,
          2,
          null,
          2,
          1,
          null,
          null,
          1,
          null,
          null,
          null,
          1,
          null,
          1,
          2,
          1,
          null,
          null,
          1,
          null,
          null,
          null,
          1,
          1,
          1,
          1,
          null,
          null,
          null,
          1,
          null,
          1,
          5,
          null,
          null,
          1,
          4,
          null,
          null,
          null,
          null,
          null,
          null,
          null,
          null,
          null,
          null,
          null,
          null,
          null,
          null,
          null
        ]
      },
      "/Users/preddy/Desktop/giftwiseproject-selt_2025_team_07/app/controllers/registrations_controller.rb": {
        "lines": [
          1,
          1,
          3,
          null,
          null,
          1,
          8,
          8,
          5,
          5,
          null,
          3,
          null,
          null,
          null,
          1,
          null,
          1,
          8,
          null,
          null
        ]
      },
      "/Users/preddy/Desktop/giftwiseproject-selt_2025_team_07/app/controllers/sessions_controller.rb": {
        "lines": [
          1,
          1,
          null,
          null,
          1,
          11,
          11,
          6,
          6,
          null,
          5,
          5,
          null,
          null,
          null,
          1,
          3,
          3,
          null,
          null
        ]
      },
      "/Users/preddy/Desktop/giftwiseproject-selt_2025_team_07/app/models/event.rb": {
        "lines": [
          1,
          1,
          1,
          1,
          null,
          1,
          1,
          1,
          1,
          null,
          5,
          2,
          null,
          1,
          0,
          null,
          null,
          1,
          2,
          1,
          null,
          null,
          1,
          null,
          1,
          39,
          0,
          null,
          null,
          null
        ]
      },
      "/Users/preddy/Desktop/giftwiseproject-selt_2025_team_07/app/models/application_record.rb": {
        "lines": [
          1,
          1,
          null
        ]
      },
      "/Users/preddy/Desktop/giftwiseproject-selt_2025_team_07/app/models/recipient.rb": {
        "lines": [
          1,
          1,
          1,
          1,
          null,
          1,
          1,
          null,
          1,
          null,
          1,
          null,
          null,
          1,
          1,
          null,
          null
        ]
      },
      "/Users/preddy/Desktop/giftwiseproject-selt_2025_team_07/app/models/user.rb": {
        "lines": [
          1,
          1,
          1,
          1,
          null,
          1,
          1,
          null,
          1,
          1,
          1,
          null,
          1,
          1,
          1,
          161,
          1,
          1,
          1,
          null,
          1,
          115,
          null,
          1,
          143,
          null,
          null,
          1,
          16,
          16,
          null,
          0,
          null,
          null,
          1,
          2,
          1,
          null,
          null,
          1,
          null,
          1,
          32,
          null,
          null,
          1,
          114,
          null,
          null,
          1,
          107,
          107,
          null,
          null,
          1,
          320,
          null,
          null
        ]
      },
      "/Users/preddy/Desktop/giftwiseproject-selt_2025_team_07/app/models/event_recipient.rb": {
        "lines": [
          1,
          1,
          1,
          1,
          null
        ]
      },
      "/Users/preddy/Desktop/giftwiseproject-selt_2025_team_07/app/channels/application_cable/channel.rb": {
        "lines": [
          0,
          0,
          0,
          0
        ],
        "branches": {
        }
      },
      "/Users/preddy/Desktop/giftwiseproject-selt_2025_team_07/app/channels/application_cable/connection.rb": {
        "lines": [
          0,
          0,
          0,
          0
        ],
        "branches": {
        }
      },
      "/Users/preddy/Desktop/giftwiseproject-selt_2025_team_07/app/jobs/application_job.rb": {
        "lines": [
          0,
          null,
          null,
          null,
          null,
          null,
          0
        ],
        "branches": {
        }
      },
      "/Users/preddy/Desktop/giftwiseproject-selt_2025_team_07/app/mailers/application_mailer.rb": {
        "lines": [
          0,
          0,
          0,
          0
        ],
        "branches": {
        }
      },
      "/Users/preddy/Desktop/giftwiseproject-selt_2025_team_07/lib/events_step.rb": {
        "lines": [
          null
        ],
        "branches": {
        }
      }
    },
    "timestamp": 1763178098
  }
}
